<?xml version="1.0" encoding="UTF-8"?>
<testng-results ignored="10" total="19" passed="7" failed="2" skipped="0">
  <reporter-output>
  </reporter-output>
  <suite started-at="2023-05-28T15:45:40 EET" name="reqres2" finished-at="2023-05-28T15:45:46 EET" duration-ms="6972">
    <groups>
    </groups>
    <test started-at="2023-05-28T15:45:40 EET" name="Test" finished-at="2023-05-28T15:45:46 EET" duration-ms="6972">
      <class name="test.GetListUsers">
        <test-method is-config="true" signature="createRequestSpecification()[pri:0, instance:test.GetListUsers@61710c6]" started-at="2023-05-28T15:45:45 EET" name="createRequestSpecification" finished-at="2023-05-28T15:45:45 EET" duration-ms="1" status="PASS">
          <reporter-output>
          </reporter-output>
        </test-method> <!-- createRequestSpecification -->
        <test-method is-config="true" signature="createResponseSpecification()[pri:0, instance:test.GetListUsers@61710c6]" started-at="2023-05-28T15:45:45 EET" name="createResponseSpecification" finished-at="2023-05-28T15:45:45 EET" duration-ms="1" status="PASS">
          <reporter-output>
          </reporter-output>
        </test-method> <!-- createResponseSpecification -->
        <test-method signature="getListUsers()[pri:0, instance:test.GetListUsers@61710c6]" started-at="2023-05-28T15:45:45 EET" name="getListUsers" finished-at="2023-05-28T15:45:45 EET" duration-ms="128" status="PASS">
          <reporter-output>
          </reporter-output>
        </test-method> <!-- getListUsers -->
      </class> <!-- test.GetListUsers -->
      <class name="test.PostApi">
        <test-method is-config="true" signature="setup()[pri:0, instance:test.PostApi@e3b3b2f]" started-at="2023-05-28T15:45:40 EET" name="setup" finished-at="2023-05-28T15:45:41 EET" duration-ms="1312" status="PASS">
          <reporter-output>
          </reporter-output>
        </test-method> <!-- setup -->
        <test-method is-config="true" signature="createRequestSpecification()[pri:0, instance:test.PostApi@e3b3b2f]" started-at="2023-05-28T15:45:41 EET" name="createRequestSpecification" finished-at="2023-05-28T15:45:41 EET" duration-ms="210" status="PASS">
          <reporter-output>
          </reporter-output>
        </test-method> <!-- createRequestSpecification -->
        <test-method is-config="true" signature="createResponseSpecification()[pri:0, instance:test.PostApi@e3b3b2f]" started-at="2023-05-28T15:45:41 EET" name="createResponseSpecification" finished-at="2023-05-28T15:45:41 EET" duration-ms="37" status="PASS">
          <reporter-output>
          </reporter-output>
        </test-method> <!-- createResponseSpecification -->
        <test-method signature="postApiTest()[pri:0, instance:test.PostApi@e3b3b2f]" started-at="2023-05-28T15:45:41 EET" name="postApiTest" finished-at="2023-05-28T15:45:44 EET" duration-ms="2649" status="PASS">
          <reporter-output>
          </reporter-output>
        </test-method> <!-- postApiTest -->
        <test-method is-config="true" signature="teardown()[pri:0, instance:test.PostApi@e3b3b2f]" started-at="2023-05-28T15:45:46 EET" name="teardown" finished-at="2023-05-28T15:45:46 EET" duration-ms="427" status="PASS">
          <reporter-output>
          </reporter-output>
        </test-method> <!-- teardown -->
      </class> <!-- test.PostApi -->
      <class name="test.GetSingleUser">
        <test-method is-config="true" signature="createRequestSpecification()[pri:0, instance:test.GetSingleUser@45efd90f]" started-at="2023-05-28T15:45:44 EET" name="createRequestSpecification" finished-at="2023-05-28T15:45:44 EET" duration-ms="1" status="PASS">
          <reporter-output>
          </reporter-output>
        </test-method> <!-- createRequestSpecification -->
        <test-method is-config="true" signature="createResponseSpecification()[pri:0, instance:test.GetSingleUser@45efd90f]" started-at="2023-05-28T15:45:44 EET" name="createResponseSpecification" finished-at="2023-05-28T15:45:44 EET" duration-ms="1" status="PASS">
          <reporter-output>
          </reporter-output>
        </test-method> <!-- createResponseSpecification -->
        <test-method signature="postApiTest()[pri:0, instance:test.GetSingleUser@45efd90f]" started-at="2023-05-28T15:45:44 EET" name="postApiTest" finished-at="2023-05-28T15:45:44 EET" duration-ms="430" status="PASS">
          <reporter-output>
          </reporter-output>
        </test-method> <!-- postApiTest -->
        <test-method signature="getSingleUser()[pri:0, instance:test.GetSingleUser@45efd90f]" started-at="2023-05-28T15:45:44 EET" name="getSingleUser" finished-at="2023-05-28T15:45:44 EET" depends-on-methods="test.GetSingleUser.postApiTest" duration-ms="257" status="FAIL">
          <exception class="java.lang.AssertionError">
            <message>
              <![CDATA[expected [200] but found [404]]]>
            </message>
            <full-stacktrace>
              <![CDATA[java.lang.AssertionError: expected [200] but found [404]
at org.testng.Assert.fail(Assert.java:110)
at org.testng.Assert.failNotEquals(Assert.java:1413)
at org.testng.Assert.assertEqualsImpl(Assert.java:149)
at org.testng.Assert.assertEquals(Assert.java:131)
at org.testng.Assert.assertEquals(Assert.java:1240)
at org.testng.Assert.assertEquals(Assert.java:1274)
at test.GetSingleUser.getSingleUser(GetSingleUser.java:53)
at java.base/jdk.internal.reflect.NativeMethodAccessorImpl.invoke0(Native Method)
at java.base/jdk.internal.reflect.NativeMethodAccessorImpl.invoke(NativeMethodAccessorImpl.java:77)
at java.base/jdk.internal.reflect.DelegatingMethodAccessorImpl.invoke(DelegatingMethodAccessorImpl.java:43)
at java.base/java.lang.reflect.Method.invoke(Method.java:568)
at org.testng.internal.invokers.MethodInvocationHelper.invokeMethod(MethodInvocationHelper.java:139)
at org.testng.internal.invokers.TestInvoker.invokeMethod(TestInvoker.java:677)
at org.testng.internal.invokers.TestInvoker.invokeTestMethod(TestInvoker.java:221)
at org.testng.internal.invokers.MethodRunner.runInSequence(MethodRunner.java:50)
at org.testng.internal.invokers.TestInvoker$MethodInvocationAgent.invoke(TestInvoker.java:969)
at org.testng.internal.invokers.TestInvoker.invokeTestMethods(TestInvoker.java:194)
at org.testng.internal.invokers.TestMethodWorker.invokeTestMethods(TestMethodWorker.java:148)
at org.testng.internal.invokers.TestMethodWorker.run(TestMethodWorker.java:128)
at java.base/java.util.ArrayList.forEach(ArrayList.java:1511)
at org.testng.TestRunner.privateRun(TestRunner.java:829)
at org.testng.TestRunner.run(TestRunner.java:602)
at org.testng.SuiteRunner.runTest(SuiteRunner.java:437)
at org.testng.SuiteRunner.runSequentially(SuiteRunner.java:431)
at org.testng.SuiteRunner.privateRun(SuiteRunner.java:391)
at org.testng.SuiteRunner.run(SuiteRunner.java:330)
at org.testng.SuiteRunnerWorker.runSuite(SuiteRunnerWorker.java:52)
at org.testng.SuiteRunnerWorker.run(SuiteRunnerWorker.java:95)
at org.testng.TestNG.runSuitesSequentially(TestNG.java:1256)
at org.testng.TestNG.runSuitesLocally(TestNG.java:1176)
at org.testng.TestNG.runSuites(TestNG.java:1099)
at org.testng.TestNG.run(TestNG.java:1067)
at org.testng.remote.AbstractRemoteTestNG.run(AbstractRemoteTestNG.java:115)
at org.testng.remote.RemoteTestNG.initAndRun(RemoteTestNG.java:251)
at org.testng.remote.RemoteTestNG.main(RemoteTestNG.java:77)
]]>
            </full-stacktrace>
          </exception> <!-- java.lang.AssertionError -->
          <reporter-output>
          </reporter-output>
        </test-method> <!-- getSingleUser -->
      </class> <!-- test.GetSingleUser -->
      <class name="test.DeleteUser">
        <test-method is-config="true" signature="createRequestSpecification()[pri:0, instance:test.DeleteUser@3214ee6]" started-at="2023-05-28T15:45:45 EET" name="createRequestSpecification" finished-at="2023-05-28T15:45:45 EET" duration-ms="1" status="PASS">
          <reporter-output>
          </reporter-output>
        </test-method> <!-- createRequestSpecification -->
        <test-method is-config="true" signature="createResponseSpecification()[pri:0, instance:test.DeleteUser@3214ee6]" started-at="2023-05-28T15:45:45 EET" name="createResponseSpecification" finished-at="2023-05-28T15:45:45 EET" duration-ms="1" status="PASS">
          <reporter-output>
          </reporter-output>
        </test-method> <!-- createResponseSpecification -->
        <test-method signature="postApiTest()[pri:0, instance:test.DeleteUser@3214ee6]" started-at="2023-05-28T15:45:45 EET" name="postApiTest" finished-at="2023-05-28T15:45:46 EET" duration-ms="401" status="PASS">
          <reporter-output>
          </reporter-output>
        </test-method> <!-- postApiTest -->
        <test-method signature="deleteUser()[pri:0, instance:test.DeleteUser@3214ee6]" started-at="2023-05-28T15:45:46 EET" name="deleteUser" finished-at="2023-05-28T15:45:46 EET" depends-on-methods="test.DeleteUser.postApiTest" duration-ms="206" status="FAIL">
          <exception class="java.lang.AssertionError">
            <message>
              <![CDATA[expected [200] but found [204]]]>
            </message>
            <full-stacktrace>
              <![CDATA[java.lang.AssertionError: expected [200] but found [204]
at org.testng.Assert.fail(Assert.java:110)
at org.testng.Assert.failNotEquals(Assert.java:1413)
at org.testng.Assert.assertEqualsImpl(Assert.java:149)
at org.testng.Assert.assertEquals(Assert.java:131)
at org.testng.Assert.assertEquals(Assert.java:1240)
at org.testng.Assert.assertEquals(Assert.java:1274)
at test.DeleteUser.deleteUser(DeleteUser.java:55)
at java.base/jdk.internal.reflect.NativeMethodAccessorImpl.invoke0(Native Method)
at java.base/jdk.internal.reflect.NativeMethodAccessorImpl.invoke(NativeMethodAccessorImpl.java:77)
at java.base/jdk.internal.reflect.DelegatingMethodAccessorImpl.invoke(DelegatingMethodAccessorImpl.java:43)
at java.base/java.lang.reflect.Method.invoke(Method.java:568)
at org.testng.internal.invokers.MethodInvocationHelper.invokeMethod(MethodInvocationHelper.java:139)
at org.testng.internal.invokers.TestInvoker.invokeMethod(TestInvoker.java:677)
at org.testng.internal.invokers.TestInvoker.invokeTestMethod(TestInvoker.java:221)
at org.testng.internal.invokers.MethodRunner.runInSequence(MethodRunner.java:50)
at org.testng.internal.invokers.TestInvoker$MethodInvocationAgent.invoke(TestInvoker.java:969)
at org.testng.internal.invokers.TestInvoker.invokeTestMethods(TestInvoker.java:194)
at org.testng.internal.invokers.TestMethodWorker.invokeTestMethods(TestMethodWorker.java:148)
at org.testng.internal.invokers.TestMethodWorker.run(TestMethodWorker.java:128)
at java.base/java.util.ArrayList.forEach(ArrayList.java:1511)
at org.testng.TestRunner.privateRun(TestRunner.java:829)
at org.testng.TestRunner.run(TestRunner.java:602)
at org.testng.SuiteRunner.runTest(SuiteRunner.java:437)
at org.testng.SuiteRunner.runSequentially(SuiteRunner.java:431)
at org.testng.SuiteRunner.privateRun(SuiteRunner.java:391)
at org.testng.SuiteRunner.run(SuiteRunner.java:330)
at org.testng.SuiteRunnerWorker.runSuite(SuiteRunnerWorker.java:52)
at org.testng.SuiteRunnerWorker.run(SuiteRunnerWorker.java:95)
at org.testng.TestNG.runSuitesSequentially(TestNG.java:1256)
at org.testng.TestNG.runSuitesLocally(TestNG.java:1176)
at org.testng.TestNG.runSuites(TestNG.java:1099)
at org.testng.TestNG.run(TestNG.java:1067)
at org.testng.remote.AbstractRemoteTestNG.run(AbstractRemoteTestNG.java:115)
at org.testng.remote.RemoteTestNG.initAndRun(RemoteTestNG.java:251)
at org.testng.remote.RemoteTestNG.main(RemoteTestNG.java:77)
]]>
            </full-stacktrace>
          </exception> <!-- java.lang.AssertionError -->
          <reporter-output>
          </reporter-output>
        </test-method> <!-- deleteUser -->
      </class> <!-- test.DeleteUser -->
      <class name="test.GetSingleUserWithExistingId">
        <test-method is-config="true" signature="createRequestSpecification()[pri:0, instance:test.GetSingleUserWithExistingId@383dc82c]" started-at="2023-05-28T15:45:46 EET" name="createRequestSpecification" finished-at="2023-05-28T15:45:46 EET" duration-ms="1" status="PASS">
          <reporter-output>
          </reporter-output>
        </test-method> <!-- createRequestSpecification -->
        <test-method is-config="true" signature="createResponseSpecification()[pri:0, instance:test.GetSingleUserWithExistingId@383dc82c]" started-at="2023-05-28T15:45:46 EET" name="createResponseSpecification" finished-at="2023-05-28T15:45:46 EET" duration-ms="1" status="PASS">
          <reporter-output>
          </reporter-output>
        </test-method> <!-- createResponseSpecification -->
        <test-method signature="getSingleUserWithExistingId()[pri:0, instance:test.GetSingleUserWithExistingId@383dc82c]" started-at="2023-05-28T15:45:46 EET" name="getSingleUserWithExistingId" finished-at="2023-05-28T15:45:46 EET" duration-ms="146" status="PASS">
          <reporter-output>
          </reporter-output>
        </test-method> <!-- getSingleUserWithExistingId -->
      </class> <!-- test.GetSingleUserWithExistingId -->
      <class name="test.PutApi">
        <test-method is-config="true" signature="createRequestSpecification()[pri:0, instance:test.PutApi@4b8729ff]" started-at="2023-05-28T15:45:44 EET" name="createRequestSpecification" finished-at="2023-05-28T15:45:44 EET" duration-ms="2" status="PASS">
          <reporter-output>
          </reporter-output>
        </test-method> <!-- createRequestSpecification -->
        <test-method is-config="true" signature="createResponseSpecification()[pri:0, instance:test.PutApi@4b8729ff]" started-at="2023-05-28T15:45:44 EET" name="createResponseSpecification" finished-at="2023-05-28T15:45:44 EET" duration-ms="0" status="PASS">
          <reporter-output>
          </reporter-output>
        </test-method> <!-- createResponseSpecification -->
        <test-method signature="postApiTest()[pri:0, instance:test.PutApi@4b8729ff]" started-at="2023-05-28T15:45:44 EET" name="postApiTest" finished-at="2023-05-28T15:45:45 EET" duration-ms="458" status="PASS">
          <reporter-output>
          </reporter-output>
        </test-method> <!-- postApiTest -->
        <test-method signature="putApiTest()[pri:0, instance:test.PutApi@4b8729ff]" started-at="2023-05-28T15:45:45 EET" name="putApiTest" finished-at="2023-05-28T15:45:45 EET" depends-on-methods="test.PutApi.postApiTest" duration-ms="225" status="PASS">
          <reporter-output>
          </reporter-output>
        </test-method> <!-- putApiTest -->
      </class> <!-- test.PutApi -->
    </test> <!-- Test -->
  </suite> <!-- reqres2 -->
</testng-results>
